<?xml version="1.0" encoding="UTF-8"?>
<!-- Generated by org.testng.reporters.JUnitReportReporter -->
<testsuite skipped="0" hostname="ASDW0135" name="com.practise.tests.TestGoogleSheetsRead" tests="2" failures="0" timestamp="12 Sep 2018 13:03:18 GMT" time="2.074" errors="0">
  <testcase name="Test_01_testGetAndPrintAllData" time="1.448" classname="com.practise.tests.TestGoogleSheetsRead"/>
  <testcase name="Test_02_testWriteTheDataIntoFile" time="0.626" classname="com.practise.tests.TestGoogleSheetsRead"/>
</testsuite> <!-- com.practise.tests.TestGoogleSheetsRead -->
